<?xml version="1.0" encoding="utf-8"?>
<!DOCTYPE hibernate-configuration PUBLIC
	"-//Hibernate/Hibernate Configuration DTD 3.0//EN"
	"http://hibernate.sourceforge.net/hibernate-configuration-3.0.dtd">

<hibernate-configuration>
	<session-factory>
        <mapping resource="Message.hbm.xml"/>
        <mapping resource="MessageRecipient.hbm.xml"/>
        <mapping resource="MessagingAddress.hbm.xml"/>
	</session-factory>
</hibernate-configuration>
